Determining if the pthread_create exist failed with the following output:
Change Dir: /home/alexpoz/catkin_ws/build/CMakeFiles/CMakeTmp

Run Build Command:/usr/bin/make "cmTryCompileExec3262598264/fast"
/usr/bin/make -f CMakeFiles/cmTryCompileExec3262598264.dir/build.make CMakeFiles/cmTryCompileExec3262598264.dir/build
make[1]: Entering directory `/home/alexpoz/catkin_ws/build/CMakeFiles/CMakeTmp'
/usr/bin/cmake -E cmake_progress_report /home/alexpoz/catkin_ws/build/CMakeFiles/CMakeTmp/CMakeFiles 1
Building C object CMakeFiles/cmTryCompileExec3262598264.dir/CheckSymbolExists.c.o
/usr/bin/cc    -o CMakeFiles/cmTryCompileExec3262598264.dir/CheckSymbolExists.c.o   -c /home/alexpoz/catkin_ws/build/CMakeFiles/CMakeTmp/CheckSymbolExists.c
Linking C executable cmTryCompileExec3262598264
/usr/bin/cmake -E cmake_link_script CMakeFiles/cmTryCompileExec3262598264.dir/link.txt --verbose=1
/usr/bin/cc       CMakeFiles/cmTryCompileExec3262598264.dir/CheckSymbolExists.c.o  -o cmTryCompileExec3262598264 -rdynamic 
CMakeFiles/cmTryCompileExec3262598264.dir/CheckSymbolExists.c.o: In function `main':
CheckSymbolExists.c:(.text+0x16): undefined reference to `pthread_create'
make[1]: Leaving directory `/home/alexpoz/catkin_ws/build/CMakeFiles/CMakeTmp'
collect2: error: ld returned 1 exit status
make[1]: *** [cmTryCompileExec3262598264] Error 1
make: *** [cmTryCompileExec3262598264/fast] Error 2

File /home/alexpoz/catkin_ws/build/CMakeFiles/CMakeTmp/CheckSymbolExists.c:
/* */
#include <pthread.h>

int main(int argc, char** argv)
{
  (void)argv;
#ifndef pthread_create
  return ((int*)(&pthread_create))[argc];
#else
  (void)argc;
  return 0;
#endif
}

Determining if the function pthread_create exists in the pthreads failed with the following output:
Change Dir: /home/alexpoz/catkin_ws/build/CMakeFiles/CMakeTmp

Run Build Command:/usr/bin/make "cmTryCompileExec3738652697/fast"
/usr/bin/make -f CMakeFiles/cmTryCompileExec3738652697.dir/build.make CMakeFiles/cmTryCompileExec3738652697.dir/build
make[1]: Entering directory `/home/alexpoz/catkin_ws/build/CMakeFiles/CMakeTmp'
/usr/bin/cmake -E cmake_progress_report /home/alexpoz/catkin_ws/build/CMakeFiles/CMakeTmp/CMakeFiles 1
Building C object CMakeFiles/cmTryCompileExec3738652697.dir/CheckFunctionExists.c.o
/usr/bin/cc   -DCHECK_FUNCTION_EXISTS=pthread_create   -o CMakeFiles/cmTryCompileExec3738652697.dir/CheckFunctionExists.c.o   -c /usr/share/cmake-2.8/Modules/CheckFunctionExists.c
Linking C executable cmTryCompileExec3738652697
/usr/bin/cmake -E cmake_link_script CMakeFiles/cmTryCompileExec3738652697.dir/link.txt --verbose=1
/usr/bin/cc   -DCHECK_FUNCTION_EXISTS=pthread_create    CMakeFiles/cmTryCompileExec3738652697.dir/CheckFunctionExists.c.o  -o cmTryCompileExec3738652697 -rdynamic -lpthreads 
/usr/bin/ld: cannot find -lpthreads
make[1]: Leaving directory `/home/alexpoz/catkin_ws/build/CMakeFiles/CMakeTmp'
collect2: error: ld returned 1 exit status
make[1]: *** [cmTryCompileExec3738652697] Error 1
make: *** [cmTryCompileExec3738652697/fast] Error 2


Determining if the Q_WS_WIN exist failed with the following output:
Change Dir: /home/alexpoz/catkin_ws/build/CMakeFiles/CMakeTmp

Run Build Command:/usr/bin/make "cmTryCompileExec3506549584/fast"
/usr/bin/make -f CMakeFiles/cmTryCompileExec3506549584.dir/build.make CMakeFiles/cmTryCompileExec3506549584.dir/build
make[1]: Entering directory `/home/alexpoz/catkin_ws/build/CMakeFiles/CMakeTmp'
/usr/bin/cmake -E cmake_progress_report /home/alexpoz/catkin_ws/build/CMakeFiles/CMakeTmp/CMakeFiles 1
Building CXX object CMakeFiles/cmTryCompileExec3506549584.dir/CheckSymbolExists.cxx.o
/usr/bin/c++    -I/usr/include/qt4    -o CMakeFiles/cmTryCompileExec3506549584.dir/CheckSymbolExists.cxx.o -c /home/alexpoz/catkin_ws/build/CMakeFiles/CMakeTmp/CheckSymbolExists.cxx
/home/alexpoz/catkin_ws/build/CMakeFiles/CMakeTmp/CheckSymbolExists.cxx: In function ‘int main(int, char**)’:
/home/alexpoz/catkin_ws/build/CMakeFiles/CMakeTmp/CheckSymbolExists.cxx:8:19: error: ‘Q_WS_WIN’ was not declared in this scope
   return ((int*)(&Q_WS_WIN))[argc];
                   ^
make[1]: Leaving directory `/home/alexpoz/catkin_ws/build/CMakeFiles/CMakeTmp'
make[1]: *** [CMakeFiles/cmTryCompileExec3506549584.dir/CheckSymbolExists.cxx.o] Error 1
make: *** [cmTryCompileExec3506549584/fast] Error 2

File /home/alexpoz/catkin_ws/build/CMakeFiles/CMakeTmp/CheckSymbolExists.cxx:
/* */
#include <QtCore/qglobal.h>

int main(int argc, char** argv)
{
  (void)argv;
#ifndef Q_WS_WIN
  return ((int*)(&Q_WS_WIN))[argc];
#else
  (void)argc;
  return 0;
#endif
}

Determining if the Q_WS_QWS exist failed with the following output:
Change Dir: /home/alexpoz/catkin_ws/build/CMakeFiles/CMakeTmp

Run Build Command:/usr/bin/make "cmTryCompileExec70551242/fast"
/usr/bin/make -f CMakeFiles/cmTryCompileExec70551242.dir/build.make CMakeFiles/cmTryCompileExec70551242.dir/build
make[1]: Entering directory `/home/alexpoz/catkin_ws/build/CMakeFiles/CMakeTmp'
/usr/bin/cmake -E cmake_progress_report /home/alexpoz/catkin_ws/build/CMakeFiles/CMakeTmp/CMakeFiles 1
Building CXX object CMakeFiles/cmTryCompileExec70551242.dir/CheckSymbolExists.cxx.o
/usr/bin/c++    -I/usr/include/qt4    -o CMakeFiles/cmTryCompileExec70551242.dir/CheckSymbolExists.cxx.o -c /home/alexpoz/catkin_ws/build/CMakeFiles/CMakeTmp/CheckSymbolExists.cxx
/home/alexpoz/catkin_ws/build/CMakeFiles/CMakeTmp/CheckSymbolExists.cxx: In function ‘int main(int, char**)’:
/home/alexpoz/catkin_ws/build/CMakeFiles/CMakeTmp/CheckSymbolExists.cxx:8:19: error: ‘Q_WS_QWS’ was not declared in this scope
   return ((int*)(&Q_WS_QWS))[argc];
                   ^
make[1]: Leaving directory `/home/alexpoz/catkin_ws/build/CMakeFiles/CMakeTmp'
make[1]: *** [CMakeFiles/cmTryCompileExec70551242.dir/CheckSymbolExists.cxx.o] Error 1
make: *** [cmTryCompileExec70551242/fast] Error 2

File /home/alexpoz/catkin_ws/build/CMakeFiles/CMakeTmp/CheckSymbolExists.cxx:
/* */
#include <QtCore/qglobal.h>

int main(int argc, char** argv)
{
  (void)argv;
#ifndef Q_WS_QWS
  return ((int*)(&Q_WS_QWS))[argc];
#else
  (void)argc;
  return 0;
#endif
}

Determining if the Q_WS_MAC exist failed with the following output:
Change Dir: /home/alexpoz/catkin_ws/build/CMakeFiles/CMakeTmp

Run Build Command:/usr/bin/make "cmTryCompileExec2244419170/fast"
/usr/bin/make -f CMakeFiles/cmTryCompileExec2244419170.dir/build.make CMakeFiles/cmTryCompileExec2244419170.dir/build
make[1]: Entering directory `/home/alexpoz/catkin_ws/build/CMakeFiles/CMakeTmp'
/usr/bin/cmake -E cmake_progress_report /home/alexpoz/catkin_ws/build/CMakeFiles/CMakeTmp/CMakeFiles 1
Building CXX object CMakeFiles/cmTryCompileExec2244419170.dir/CheckSymbolExists.cxx.o
/usr/bin/c++    -I/usr/include/qt4    -o CMakeFiles/cmTryCompileExec2244419170.dir/CheckSymbolExists.cxx.o -c /home/alexpoz/catkin_ws/build/CMakeFiles/CMakeTmp/CheckSymbolExists.cxx
/home/alexpoz/catkin_ws/build/CMakeFiles/CMakeTmp/CheckSymbolExists.cxx: In function ‘int main(int, char**)’:
/home/alexpoz/catkin_ws/build/CMakeFiles/CMakeTmp/CheckSymbolExists.cxx:8:19: error: ‘Q_WS_MAC’ was not declared in this scope
   return ((int*)(&Q_WS_MAC))[argc];
                   ^
make[1]: Leaving directory `/home/alexpoz/catkin_ws/build/CMakeFiles/CMakeTmp'
make[1]: *** [CMakeFiles/cmTryCompileExec2244419170.dir/CheckSymbolExists.cxx.o] Error 1
make: *** [cmTryCompileExec2244419170/fast] Error 2

File /home/alexpoz/catkin_ws/build/CMakeFiles/CMakeTmp/CheckSymbolExists.cxx:
/* */
#include <QtCore/qglobal.h>

int main(int argc, char** argv)
{
  (void)argv;
#ifndef Q_WS_MAC
  return ((int*)(&Q_WS_MAC))[argc];
#else
  (void)argc;
  return 0;
#endif
}

